[ 2022-07-14 16:40:51 ] - Action : Creation du compte
[ 2022-07-14 16:42:20 ] - Action : Depôt - Montant [ 0$CAD ] 
[ 2022-07-14 16:43:18 ] - Action : Depôt - Montant [ 45,4$CAD ] 
[ 2022-07-14 16:44:15 ] - Action : Depôt - Montant [ 0$CAD ] 
[ 2022-07-14 16:44:31 ] - Action : Depôt - Montant [ 4523,74$CAD ] 
[ 2022-07-14 16:44:42 ] - Action : Retrait - Montant [ 452$CAD ] 
[ 2022-07-14 16:45:06 ] - Action : Envoi - DESTINATEUR: [ Grace ] - Montant [ 3000,5$CAD ]  
[ 2022-07-14 17:02:52 ] - Action : Envoi - DESTINATEUR: [ Grace ] - Montant [ 6000$CAD ]  
[ 2022-07-14 17:04:47 ] - Action : Depôt - Montant [ 5638,41$CAD ] 
[ 2022-07-14 17:06:31 ] - Action : Recoit - EXPEDITEUR: [ Grace ] - Montant [ 9000$CAD ]  
[ 2022-07-14 17:13:31 ] - Action : Depôt - Montant [ 52,7885965$CAD ] 
[ 2022-07-14 19:29:55 ] - Action : Envoi - DESTINATEUR: [ James ] - Montant [ 5000$CAD ]  
[ 2022-07-14 20:26:04 ] - Action : Envoi - DESTINATEUR: [ Tony ] - Montant [ 6000$CAD ]  
[ 2022-07-16 20:11:15 ] - Action : Envoi - DESTINATEUR: [ Mado ] - Montant [ 800$CAD ]  
[ 2022-07-16 20:11:39 ] - Action : Envoi - DESTINATEUR: [ Oumar ] - Montant [ 10$CAD ]  
[ 2022-07-16 20:11:39 ] - Action : Recoit - EXPEDITEUR: [ Oumar ] - Montant [ 10$CAD ]  
[ 2022-07-16 22:03:01 ] - Action : Depôt - Montant [ 0$CAD ] 
[ 2022-07-16 22:05:46 ] - Action : Depôt - Montant [ 24$CAD ] 
[ 2022-07-16 22:06:06 ] - Action : Retrait - Montant [ 72$CAD ] 
[ 2022-07-16 22:06:25 ] - Action : Envoi - DESTINATEUR: [ Grace ] - Montant [ 850$CAD ]  
[ 2022-07-16 23:39:01 ] - Action : Recoit - EXPEDITEUR: [ ZacHenri ] - Montant [ 150$CAD ]  